<?xml version="1.0" encoding="UTF-8"?>
<!-- Generated by org.testng.reporters.JUnitReportReporter -->
<testsuite hostname="SANKET-PC" failures="0" tests="1" name="E2EFramework.ValidatePage" time="0.359" errors="0" timestamp="2021-04-18T19:38:55 IST" skipped="0">
  <testcase classname="E2EFramework.ValidatePage" name="basenavigation" time="0.359"/>
  <system-out/>
</testsuite> <!-- E2EFramework.ValidatePage -->
