<?xml version="1.0" encoding="UTF-8"?>
<!-- Generated by org.testng.reporters.JUnitReportReporter -->
<testsuite hostname="SANKET-PC" failures="0" tests="2" name="E2EFramework.HomePage" time="97.779" errors="0" timestamp="2021-04-30T14:43:14 IST" skipped="0">
  <testcase classname="E2EFramework.HomePage" name="basePageNavigation" time="75.322"/>
  <system-out/>
  <testcase classname="E2EFramework.HomePage" name="basePageNavigation" time="22.457"/>
  <system-out/>
</testsuite> <!-- E2EFramework.HomePage -->
